<?xml version='1.0' encoding='UTF-8'?>
<testsuite hostname="thinkpad" name="TestTable" tests="11" errors="0" failures="0" skipped="0" time="0.026" timestamp="2025-05-05T08:39:10">
          <properties>
      <property name="java.specification.version" value="21"/><property name="sun.jnu.encoding" value="UTF-8"/><property name="sun.arch.data.model" value="64"/><property name="java.vendor.url" value="https://ubuntu.com/"/><property name="sun.boot.library.path" value="/usr/lib/jvm/java-21-openjdk-amd64/lib"/><property name="sun.java.command" value="/home/noobplayer/.cache/sbt/boot/sbt-launch/1.10.11/sbt-launch-1.10.11.jar test"/><property name="jdk.debug" value="release"/><property name="java.specification.vendor" value="Oracle Corporation"/><property name="java.version.date" value="2025-01-21"/><property name="java.home" value="/usr/lib/jvm/java-21-openjdk-amd64"/><property name="file.separator" value="/"/><property name="java.vm.compressedOopsMode" value="32-bit"/><property name="line.separator" value="
"/><property name="java.vm.specification.vendor" value="Oracle Corporation"/><property name="java.specification.name" value="Java Platform API Specification"/><property name="sun.management.compiler" value="HotSpot 64-Bit Tiered Compilers"/><property name="java.runtime.version" value="21.0.6+7-Ubuntu-124.04.1"/><property name="user.name" value="noobplayer"/><property name="log4j.ignoreTCL" value="true"/><property name="file.encoding" value="UTF-8"/><property name="jnidispatch.path" value="/home/noobplayer/.cache/JNA/temp/jna2386314368647722857.tmp"/><property name="jna.loaded" value="true"/><property name="java.io.tmpdir" value="/tmp"/><property name="java.version" value="21.0.6"/><property name="java.vm.specification.name" value="Java Virtual Machine Specification"/><property name="native.encoding" value="UTF-8"/><property name="java.library.path" value="/usr/java/packages/lib:/usr/lib/x86_64-linux-gnu/jni:/lib/x86_64-linux-gnu:/usr/lib/x86_64-linux-gnu:/usr/lib/jni:/lib:/usr/lib"/><property name="stderr.encoding" value="UTF-8"/><property name="java.vendor" value="Ubuntu"/><property name="scala.ext.dirs" value="/home/noobplayer/.sbt/1.0/java9-rt-ext-ubuntu_21_0_6"/><property name="sun.io.unicode.encoding" value="UnicodeLittle"/><property name="java.class.path" value="/home/noobplayer/.cache/sbt/boot/sbt-launch/1.10.11/sbt-launch-1.10.11.jar"/><property name="java.vm.vendor" value="Ubuntu"/><property name="jline.shutdownhook" value="false"/><property name="user.timezone" value="Europe/Bucharest"/><property name="java.vm.specification.version" value="21"/><property name="os.name" value="Linux"/><property name="sun.java.launcher" value="SUN_STANDARD"/><property name="user.country" value="US"/><property name="sun.cpu.endian" value="little"/><property name="user.home" value="/home/noobplayer"/><property name="user.language" value="en"/><property name="sbt.script" value="/usr/bin/sbt"/><property name="sbt.ipcsocket.tmpdir" value="/run/user/1000/.sbt5f93f4d5/ipcsocket"/><property name="swoval.tmpdir" value="/run/user/1000/.sbt5f93f4d5/swoval"/><property name="jline.esc.timeout" value="0"/><property name="stdout.encoding" value="UTF-8"/><property name="path.separator" value=":"/><property name="os.version" value="6.11.0-24-generic"/><property name="jna.nosys" value="true"/><property name="java.runtime.name" value="OpenJDK Runtime Environment"/><property name="java.vm.name" value="OpenJDK 64-Bit Server VM"/><property name="jna.platform.library.path" value="/usr/lib/x86_64-linux-gnu:/lib/x86_64-linux-gnu:/usr/lib64:/lib64:/usr/lib:/lib:/libx32:/lib32:/usr/lib/x86_64-linux-gnu/libfakeroot"/><property name="java.vendor.url.bug" value="https://bugs.launchpad.net/ubuntu/+source/openjdk-21"/><property name="user.dir" value="/home/noobplayer/Alex/PP/skel_tema2"/><property name="os.arch" value="amd64"/><property name="java.vm.info" value="mixed mode, sharing"/><property name="java.vm.version" value="21.0.6+7-Ubuntu-124.04.1"/><property name="java.class.version" value="65.0"/>
    </properties>
          <testcase classname="TestTable" name="apply 1" time="0.01">
                      
                    </testcase><testcase classname="TestTable" name="toString 1" time="0.001">
                      
                    </testcase><testcase classname="TestTable" name="fromCSV 1" time="0.0">
                      
                    </testcase><testcase classname="TestTable" name="filter 1" time="0.001">
                      
                    </testcase><testcase classname="TestTable" name="delete 1" time="0.001">
                      
                    </testcase><testcase classname="TestTable" name="insert 1" time="0.0">
                      
                    </testcase><testcase classname="TestTable" name="sort 1" time="0.0">
                      
                    </testcase><testcase classname="TestTable" name="select 1" time="0.0">
                      
                    </testcase><testcase classname="TestTable" name="cartesianProduct 1" time="0.003">
                      
                    </testcase><testcase classname="TestTable" name="join 1" time="0.01">
                      
                    </testcase><testcase classname="TestTable" name="update 1" time="0.0">
                      
                    </testcase>
          <system-out><![CDATA[]]></system-out>
          <system-err><![CDATA[]]></system-err>
        </testsuite>